n=11: CERTIFIED
  gamma_n = 3628800/25937424601
  two-zero L_n = 113/800000 ~= 0.000141250000000000000000
  Sturm roots of P_n-L_n on [7/81,1/9] = 0
  endpoint margins = 346926969304663/164712905675719200000, 3043524503/3826375200000
  marginal eta = 21228946087676792917716741/86099951770389491251328000000000 ~= 0.000000246561649004054480
  proper cuts checked = 45
  smallest proper eta at (u,v,k)=(1,1,9), nu=219667417263/1562500000000000: 3941295413849123264709098665973339380374272781/6568905011778983402353515625000000000000000000000000 ~= 0.000000599992754771429723
n=12: CERTIFIED
  gamma_n = 1925/35831808
  two-zero L_n = 1083/20000000 ~= 0.000054150000000000000000
  Sturm roots of P_n-L_n on [2/25,1/10] = 0
  endpoint margins = 125594781/195312500000000, 30873/100000000
  marginal eta = 1827713215273400449/7835995412100000000000000 ~= 0.000000233245825087024166
  proper cuts checked = 55
  smallest proper eta at (u,v,k)=(1,1,10), nu=36288000000000000/672749994932560009201: 118543894984454021518409929316663322018391615615225/581060721028772883851673114459628693531429467541021016064 ~= 0.000000204012921015502580
n=13: CERTIFIED
  gamma_n = 479001600/23298085122481
  two-zero L_n = 10349/500000000 ~= 0.000020698000000000000000
  Sturm roots of P_n-L_n on [9/121,1/11] = 0
  endpoint margins = 67067654858936464778851/336374997466280004600500000000, 1545973592804251/12968712300500000000
  marginal eta = 7116331234130112709768876919802538721/67848701319289988522078220125000000000000000 ~= 0.000000104885297666071561
  proper cuts checked = 66
  smallest proper eta at (u,v,k)=(1,1,11), nu=549224965926175/26623333280885243904: 104383559339598973599043436867968963503263139757922291634275/1538921174733318995303505845393000093230808687013892302039630741504 ~= 0.000000067829048721542019
ALL CASES CERTIFIED
