n=14: CERTIFIED
  two-parameter equalization reduction = exact
  admissible x interval = [5/72, 1/12]
  critical point bracket = [8823474227959/125000000000000, 70587793823673/1000000000000000]
  exact interval-Horner lower endpoint = 35041454571216242606989719460332126160330254984164632858248867937860877436155548879097796435792564982662677765856431919709550703080685078184754459665345277304020363978040984079138002364657/4440892098500626161694526672363281250000000000000000000000000000000000000000000000000000000000000000000000000000000000000000000000000000000000000000000000000000000000000000000000000000000000000
  displayed rational floor = 7890634087/1000000000000000
  chosen L_n = 789/100000000
  P_n-L_n margin > 0.000000000634087472481694
  scalar eta_n = 1801777553768587612545302097/957898641732692266551875000000000000
  eta_n ~= 0.000000001880968899287138
n=15: CERTIFIED
  two-parameter equalization reduction = exact
  admissible x interval = [11/169, 1/13]
  critical point bracket = [16497391440503/250000000000000, 65989565762013/1000000000000000]
  exact interval-Horner lower endpoint = 6987600575134259152938158043928273066753725673783175799606641626132186089284517800680775500141254862132945380545120874863170447527954996828640155772925196930050278371934853233455333741604232021517712169347353/2328306436538696289062500000000000000000000000000000000000000000000000000000000000000000000000000000000000000000000000000000000000000000000000000000000000000000000000000000000000000000000000000000000000000000000000
  displayed rational floor = 1500575797/500000000000000
  chosen L_n = 3001/1000000000
  P_n-L_n margin > 0.000000000151594771243387
  scalar eta_n = 172396552001926445448721/24213708253338147072000000000000
  eta_n ~= 0.000000007119791408990794
n=16: CERTIFIED
  two-parameter equalization reduction = exact
  admissible x interval = [3/49, 1/14]
  critical point bracket = [30973358445847/500000000000000, 12389343378339/200000000000000]
  exact interval-Horner lower endpoint = 27159568061350959482266893019231430260682276645286984939009186808549882112303542209881245781702948297303767715776992312052714869633247813103973199638334841859978501100434511852906960142726839017343737904560359328219663364029/23841857910156250000000000000000000000000000000000000000000000000000000000000000000000000000000000000000000000000000000000000000000000000000000000000000000000000000000000000000000000000000000000000000000000000000000000000000000000
  displayed rational floor = 1139154849/1000000000000000
  chosen L_n = 1139/1000000000
  P_n-L_n margin > 0.000000000154849579965747
  scalar eta_n = 4164538286276424752117963756736721/1208924448418671074738176000000000000000000
  eta_n ~= 0.000000003444829237860010
ALL CASES CERTIFIED
